<?xml version="1.0" encoding="UTF-8"?>
<testng-results ignored="0" total="1" passed="1" failed="0" skipped="0">
  <reporter-output>
  </reporter-output>
  <suite started-at="2023-05-05T15:03:34 PDT" name="Default suite" finished-at="2023-05-05T15:03:35 PDT" duration-ms="1047">
    <groups>
    </groups>
    <test started-at="2023-05-05T15:03:34 PDT" name="Default test" finished-at="2023-05-05T15:03:35 PDT" duration-ms="1047">
      <class name="com.qa.tests.GetAPITest">
        <test-method is-config="true" signature="setup()[pri:0, instance:com.qa.tests.GetAPITest@6f46426d]" started-at="2023-05-05T15:03:34 PDT" name="setup" finished-at="2023-05-05T15:03:34 PDT" duration-ms="9" status="PASS">
          <reporter-output>
          </reporter-output>
        </test-method> <!-- setup -->
        <test-method signature="getapitest()[pri:0, instance:com.qa.tests.GetAPITest@6f46426d]" started-at="2023-05-05T15:03:34 PDT" name="getapitest" finished-at="2023-05-05T15:03:35 PDT" duration-ms="980" status="PASS">
          <reporter-output>
          </reporter-output>
        </test-method> <!-- getapitest -->
      </class> <!-- com.qa.tests.GetAPITest -->
    </test> <!-- Default test -->
  </suite> <!-- Default suite -->
</testng-results>
