<?xml version="1.0" encoding="UTF-8"?>
<testng-results ignored="5" total="14" passed="9" failed="0" skipped="0">
  <reporter-output>
  </reporter-output>
  <suite started-at="2023-06-01T09:48:13 PDT" name="Suite" finished-at="2023-06-01T09:48:13 PDT" duration-ms="146">
    <groups>
      <group name="smoke">
        <method signature="test.Smoketest2()[pri:0, instance:test@a2431d0]" name="Smoketest2" class="test"/>
        <method signature="test2.Smoketest1(java.lang.String)[pri:0, instance:test2@18d87d80]" name="Smoketest1" class="test2"/>
        <method signature="test2.Smoketest2()[pri:0, instance:test2@18d87d80]" name="Smoketest2" class="test2"/>
      </group> <!-- smoke -->
    </groups>
    <test started-at="2023-06-01T09:48:13 PDT" name="casualdetails" finished-at="2023-06-01T09:48:13 PDT" duration-ms="64">
      <class name="test3">
        <test-method signature="Demo5()[pri:0, instance:test3@2dde1bff]" started-at="2023-06-01T09:48:13 PDT" name="Demo5" finished-at="2023-06-01T09:48:13 PDT" duration-ms="1" status="PASS">
          <reporter-output>
          </reporter-output>
        </test-method> <!-- Demo5 -->
        <test-method signature="Demo6(java.lang.String)[pri:0, instance:test3@2dde1bff]" started-at="2023-06-01T09:48:13 PDT" name="Demo6" finished-at="2023-06-01T09:48:13 PDT" duration-ms="1" status="PASS">
          <params>
            <param index="0">
              <value>
                <![CDATA[amazon.com]]>
              </value>
            </param>
          </params>
          <reporter-output>
          </reporter-output>
        </test-method> <!-- Demo6 -->
        <test-method signature="Demo7()[pri:0, instance:test3@2dde1bff]" started-at="2023-06-01T09:48:13 PDT" name="Demo7" finished-at="2023-06-01T09:48:13 PDT" duration-ms="1" status="PASS">
          <reporter-output>
          </reporter-output>
        </test-method> <!-- Demo7 -->
      </class> <!-- test3 -->
      <class name="test">
        <test-method is-config="true" signature="Beforemethod()[pri:0, instance:test@a2431d0]" started-at="2023-06-01T09:48:13 PDT" name="Beforemethod" finished-at="2023-06-01T09:48:13 PDT" duration-ms="6" status="PASS">
          <reporter-output>
          </reporter-output>
        </test-method> <!-- Beforemethod -->
        <test-method is-config="true" signature="Cleardata()[pri:0, instance:test@a2431d0]" started-at="2023-06-01T09:48:13 PDT" name="Cleardata" finished-at="2023-06-01T09:48:13 PDT" duration-ms="0" status="PASS">
          <reporter-output>
          </reporter-output>
        </test-method> <!-- Cleardata -->
        <test-method signature="Demo2()[pri:0, instance:test@a2431d0]" started-at="2023-06-01T09:48:13 PDT" name="Demo2" finished-at="2023-06-01T09:48:13 PDT" duration-ms="5" status="PASS">
          <reporter-output>
          </reporter-output>
        </test-method> <!-- Demo2 -->
        <test-method signature="Smoketest2()[pri:0, instance:test@a2431d0]" started-at="2023-06-01T09:48:13 PDT" name="Smoketest2" finished-at="2023-06-01T09:48:13 PDT" duration-ms="1" status="PASS">
          <reporter-output>
          </reporter-output>
        </test-method> <!-- Smoketest2 -->
        <test-method signature="Demo1()[pri:0, instance:test@a2431d0]" started-at="2023-06-01T09:48:13 PDT" name="Demo1" finished-at="2023-06-01T09:48:13 PDT" duration-ms="2" status="PASS">
          <reporter-output>
          </reporter-output>
        </test-method> <!-- Demo1 -->
        <test-method signature="Aemo()[pri:0, instance:test@a2431d0]" started-at="2023-06-01T09:48:13 PDT" name="Aemo" finished-at="2023-06-01T09:48:13 PDT" depends-on-methods="test.Demo2" duration-ms="1" status="PASS">
          <reporter-output>
          </reporter-output>
        </test-method> <!-- Aemo -->
        <test-method is-config="true" signature="Storedata()[pri:0, instance:test@a2431d0]" started-at="2023-06-01T09:48:13 PDT" name="Storedata" finished-at="2023-06-01T09:48:13 PDT" duration-ms="1" status="PASS">
          <reporter-output>
          </reporter-output>
        </test-method> <!-- Storedata -->
        <test-method is-config="true" signature="Aftermethod()[pri:0, instance:test@a2431d0]" started-at="2023-06-01T09:48:13 PDT" name="Aftermethod" finished-at="2023-06-01T09:48:13 PDT" duration-ms="0" status="PASS">
          <reporter-output>
          </reporter-output>
        </test-method> <!-- Aftermethod -->
      </class> <!-- test -->
    </test> <!-- casualdetails -->
    <test started-at="2023-06-01T09:48:13 PDT" name="loandetails" finished-at="2023-06-01T09:48:13 PDT" duration-ms="6">
      <class name="test2">
        <test-method signature="Smoketest1(java.lang.String)[pri:0, instance:test2@18d87d80]" started-at="2023-06-01T09:48:13 PDT" name="Smoketest1" finished-at="2023-06-01T09:48:13 PDT" duration-ms="1" status="PASS">
          <params>
            <param index="0">
              <value>
                <![CDATA[loan.com]]>
              </value>
            </param>
          </params>
          <reporter-output>
          </reporter-output>
        </test-method> <!-- Smoketest1 -->
        <test-method signature="Smoketest2()[pri:0, instance:test2@18d87d80]" started-at="2023-06-01T09:48:13 PDT" name="Smoketest2" finished-at="2023-06-01T09:48:13 PDT" duration-ms="0" status="PASS">
          <reporter-output>
          </reporter-output>
        </test-method> <!-- Smoketest2 -->
      </class> <!-- test2 -->
    </test> <!-- loandetails -->
  </suite> <!-- Suite -->
</testng-results>
