<?xml version="1.0" encoding="UTF-8"?>
<testng-results ignored="0" total="3" passed="3" failed="0" skipped="0">
  <reporter-output>
  </reporter-output>
  <suite started-at="2023-05-21T23:36:20 PDT" name="Default suite" finished-at="2023-05-21T23:36:27 PDT" duration-ms="6437">
    <groups>
    </groups>
    <test started-at="2023-05-21T23:36:20 PDT" name="Default test" finished-at="2023-05-21T23:36:27 PDT" duration-ms="6437">
      <class name="files.DynamicJson4">
        <test-method signature="addBook(java.lang.String,java.lang.String)[pri:0, instance:files.DynamicJson4@2a54a73f]" started-at="2023-05-21T23:36:21 PDT" name="addBook" data-provider="booksdata" finished-at="2023-05-21T23:36:25 PDT" duration-ms="4940" status="PASS">
          <params>
            <param index="0">
              <value>
                <![CDATA[CPP]]>
              </value>
            </param>
            <param index="1">
              <value>
                <![CDATA[111]]>
              </value>
            </param>
          </params>
          <reporter-output>
          </reporter-output>
        </test-method> <!-- addBook -->
        <test-method signature="addBook(java.lang.String,java.lang.String)[pri:0, instance:files.DynamicJson4@2a54a73f]" started-at="2023-05-21T23:36:25 PDT" name="addBook" data-provider="booksdata" finished-at="2023-05-21T23:36:26 PDT" duration-ms="664" status="PASS">
          <params>
            <param index="0">
              <value>
                <![CDATA[javac]]>
              </value>
            </param>
            <param index="1">
              <value>
                <![CDATA[144]]>
              </value>
            </param>
          </params>
          <reporter-output>
          </reporter-output>
        </test-method> <!-- addBook -->
        <test-method signature="addBook(java.lang.String,java.lang.String)[pri:0, instance:files.DynamicJson4@2a54a73f]" started-at="2023-05-21T23:36:26 PDT" name="addBook" data-provider="booksdata" finished-at="2023-05-21T23:36:27 PDT" duration-ms="750" status="PASS">
          <params>
            <param index="0">
              <value>
                <![CDATA[UNixshell]]>
              </value>
            </param>
            <param index="1">
              <value>
                <![CDATA[5565]]>
              </value>
            </param>
          </params>
          <reporter-output>
          </reporter-output>
        </test-method> <!-- addBook -->
      </class> <!-- files.DynamicJson4 -->
    </test> <!-- Default test -->
  </suite> <!-- Default suite -->
</testng-results>
