<?xml version="1.0" encoding="UTF-8"?>
<!-- Generated by org.testng.reporters.JUnitXMLReporter -->
<testsuite ignored="0" hostname="DESKTOP-3TOCK1B" failures="1" tests="9" name="addnlloan" time="0.074" errors="0" timestamp="2023-04-26T16:15:36 PDT">
  <testcase classname="test2" name="Smoketest1" time="0.005"/>
  <testcase classname="test2" name="Smoketest2" time="0.001"/>
  <testcase classname="test2" name="demo3" time="0.0"/>
  <testcase classname="test2" name="demo4" time="0.001"/>
  <testcase classname="test2" name="fldlistenere" time="0.003">
    <failure type="java.lang.AssertionError" message="expected [rups] but found [rupa]">
      <![CDATA[java.lang.AssertionError: expected [rups] but found [rupa]
at test2.fldlistenere(test2.java:30)
at java.base/java.util.ArrayList.forEach(ArrayList.java:1511)
... Removed 33 stack frames]]>
    </failure>
  </testcase> <!-- fldlistenere -->
  <testcase classname="test2" name="miscduplicate" time="0.001"/>
  <testcase classname="test2" name="miscduplicate" time="0.001"/>
  <testcase classname="test2" name="miscduplicate" time="0.001"/>
  <testcase classname="test2" name="miscloan" time="0.001"/>
</testsuite> <!-- addnlloan -->
