<?xml version="1.0" encoding="UTF-8"?>
<!-- Generated by org.testng.reporters.JUnitXMLReporter -->
<testsuite ignored="0" hostname="DESKTOP-3TOCK1B" failures="0" tests="7" name="casualdetails" time="0.064" errors="0" timestamp="2023-06-01T09:48:13 PDT">
  <testcase classname="test" name="Demo2" time="0.005"/>
  <testcase classname="test" name="Smoketest2" time="0.001"/>
  <testcase classname="test" name="Demo1" time="0.002"/>
  <testcase classname="test" name="Aemo" time="0.001"/>
  <testcase classname="test3" name="Demo5" time="0.001"/>
  <testcase classname="test3" name="Demo6" time="0.001"/>
  <testcase classname="test3" name="Demo7" time="0.001"/>
</testsuite> <!-- casualdetails -->
