<?xml version="1.0" encoding="UTF-8"?>
<!-- Generated by org.testng.reporters.JUnitXMLReporter -->
<testsuite ignored="5" hostname="DESKTOP-3TOCK1B" failures="0" tests="2" name="loandetails" time="0.006" errors="0" timestamp="2023-06-01T09:48:13 PDT">
  <testcase classname="test2" name="Smoketest1" time="0.001"/>
  <testcase classname="test2" name="Smoketest2" time="0.0"/>
  <testcase classname="test2" name="demo4" time="0.0">
    <ignored/>
  </testcase> <!-- demo4 -->
  <testcase classname="test2" name="miscduplicate" time="0.0">
    <ignored/>
  </testcase> <!-- miscduplicate -->
  <testcase classname="test2" name="miscloan" time="0.0">
    <ignored/>
  </testcase> <!-- miscloan -->
  <testcase classname="test2" name="demo3" time="0.0">
    <ignored/>
  </testcase> <!-- demo3 -->
  <testcase classname="test2" name="fldlistenere" time="0.0">
    <ignored/>
  </testcase> <!-- fldlistenere -->
</testsuite> <!-- loandetails -->
