<?xml version="1.0" encoding="UTF-8"?>
<!-- Generated by org.testng.reporters.JUnitXMLReporter -->
<testsuite ignored="1" hostname="DESKTOP-3TOCK1B" failures="0" tests="2" name="streamexample" time="0.051" errors="0" timestamp="2023-04-28T16:27:59 PDT">
  <testcase classname="Streams" name="example" time="0.007"/>
  <testcase classname="Streams" name="streamcollectore" time="0.003"/>
  <testcase classname="Streams" name="stream" time="0.0">
    <ignored/>
  </testcase> <!-- stream -->
</testsuite> <!-- streamexample -->
