<?xml version="1.0" encoding="UTF-8"?>
<!-- Generated by org.testng.reporters.JUnitXMLReporter -->
<testsuite ignored="0" hostname="DESKTOP-3TOCK1B" failures="0" tests="3" name="Default test" time="6.437" errors="0" timestamp="2023-05-21T23:36:27 PDT">
  <testcase classname="files.DynamicJson4" name="addBook" time="4.94"/>
  <testcase classname="files.DynamicJson4" name="addBook" time="0.664"/>
  <testcase classname="files.DynamicJson4" name="addBook" time="0.75"/>
</testsuite> <!-- Default test -->
